<?xml version="1.0" encoding="UTF-8"?>
<testsuite xmlns:xsi="http://www.w3.org/2001/XMLSchema-instance" xsi:noNamespaceSchemaLocation="https://maven.apache.org/surefire/maven-surefire-plugin/xsd/surefire-test-report-3.0.xsd" version="3.0" name="tests.cud.CUDUserTest" time="4.847" tests="7" errors="0" skipped="0" failures="0">
  <properties>
[...]
</properties>
  <testcase name="updateUserPatchWithEmptyFieldTest" classname="tests.cud.CUDUserTest" time="3.19">
    <system-out><![CDATA[{
    "name": "morpheus",
    "job": "",
    "updatedAt": "2022-08-04T20:34:28.214Z"
}
]]></system-out>
  </testcase>
  <testcase name="updateUserPutTest" classname="tests.cud.CUDUserTest" time="0.24">
    <system-out><![CDATA[{
    "name": "morpheus",
    "job": "zion resident",
    "updatedAt": "2022-08-04T20:34:28.679Z"
}
]]></system-out>
  </testcase>
  <testcase name="createEmptyUserTest" classname="tests.cud.CUDUserTest" time="0.286">
    <system-out><![CDATA[{
    "id": "124",
    "createdAt": "2022-08-04T20:34:28.976Z"
}
]]></system-out>
  </testcase>
  <testcase name="createUserTest" classname="tests.cud.CUDUserTest" time="0.296">
    <system-out><![CDATA[{
    "name": "morfeus",
    "job": "leader",
    "id": "579",
    "createdAt": "2022-08-04T20:34:29.272Z"
}
]]></system-out>
  </testcase>
  <testcase name="updateUserPatchTest" classname="tests.cud.CUDUserTest" time="0.216">
    <system-out><![CDATA[{
    "name": "morpheus",
    "job": "zion resident",
    "updatedAt": "2022-08-04T20:34:29.488Z"
}
]]></system-out>
  </testcase>
  <testcase name="createUserOnlyNameTest" classname="tests.cud.CUDUserTest" time="0.237">
    <system-out><![CDATA[{
    "name": "Ololosha",
    "id": "513",
    "createdAt": "2022-08-04T20:34:29.722Z"
}
]]></system-out>
  </testcase>
  <testcase name="deleteUser" classname="tests.cud.CUDUserTest" time="0.219">
    <system-out><![CDATA[
]]></system-out>
  </testcase>
</testsuite>